2026-01-20 22:21:22,865 - __main__ - INFO - ============================================================
2026-01-20 22:21:22,865 - __main__ - INFO - Image Ingestion & Preprocessing Pipeline
2026-01-20 22:21:22,865 - __main__ - INFO - ============================================================
2026-01-20 22:21:22,865 - __main__ - INFO - Input: data/raw/test.jpg
2026-01-20 22:21:22,865 - __main__ - INFO - Max Side: 1024
2026-01-20 22:21:22,865 - __main__ - INFO - Thumbnail Size: 256
2026-01-20 22:21:22,865 - __main__ - INFO - OCR Enabled: True
2026-01-20 22:21:22,865 - __main__ - INFO - ============================================================
2026-01-20 22:21:22,865 - pipeline - INFO - Processing file: data\raw\test.jpg
2026-01-20 22:21:22,975 - ingestion.extractors - INFO - Extracting from test.jpg (type: image/jpeg)
2026-01-20 22:21:22,975 - ingestion.extractors - INFO - Processing raw image: test.jpg
2026-01-20 22:21:22,987 - pipeline - INFO - Extracted 1 images from test.jpg
2026-01-20 22:21:22,987 - pipeline - INFO - Processing image: test.jpg
2026-01-20 22:21:22,991 - preprocessing.utils - INFO - Normalizing 7b16a79d-9edf-4239-aed1-55f46edb61b8.png -> 7b16a79d-9edf-4239-aed1-55f46edb61b8_norm.png
2026-01-20 22:21:23,080 - preprocessing.utils - INFO - Saved normalized image: 7b16a79d-9edf-4239-aed1-55f46edb61b8_norm.png (1024x698)
2026-01-20 22:21:23,080 - preprocessing.utils - INFO - Creating thumbnail for 7b16a79d-9edf-4239-aed1-55f46edb61b8.png
2026-01-20 22:21:23,098 - preprocessing.utils - INFO - Saved thumbnail: 7b16a79d-9edf-4239-aed1-55f46edb61b8_thumb.png (256x175)
2026-01-20 22:21:23,099 - ocr.ocr_engine - INFO - Running OCR on 7b16a79d-9edf-4239-aed1-55f46edb61b8_norm.png with easyocr
2026-01-20 22:21:23,100 - easyocr.easyocr - WARNING - Using CPU. Note: This module is much faster with a GPU.
2026-01-20 22:21:36,240 - ocr.ocr_engine - INFO - EasyOCR extracted 581 chars, 17 boxes
2026-01-20 22:21:36,246 - metadata_store - INFO - Saved metadata for 7b16a79d-9edf-4239-aed1-55f46edb61b8
2026-01-20 22:21:36,246 - pipeline - INFO - Successfully processed image 7b16a79d-9edf-4239-aed1-55f46edb61b8
2026-01-20 22:21:36,246 - pipeline - INFO - Processing complete: 1 images processed
2026-01-20 22:21:36,248 - __main__ - INFO - Processed 1 images from file
2026-01-20 22:21:36,248 - __main__ - INFO - ============================================================
2026-01-20 22:21:36,248 - __main__ - INFO - FINAL STATISTICS
2026-01-20 22:21:36,248 - __main__ - INFO - ============================================================
2026-01-20 22:21:36,248 - __main__ - INFO - Processed: 1
2026-01-20 22:21:36,248 - __main__ - INFO - Skipped (duplicates): 0
2026-01-20 22:21:36,248 - __main__ - INFO - Errors: 0
2026-01-20 22:21:36,249 - __main__ - INFO - ============================================================
